<?xml version="1.0" encoding="UTF-8"?>
<!-- Generated by org.testng.reporters.JUnitReportReporter -->
<testsuite hostname="LAPTOP-DB80268K" failures="0" tests="1" name="fitpeoRun.HomePage" time="0.183" errors="0" timestamp="24 Nov 2024 08:42:07 GMT" skipped="0">
  <testcase classname="fitpeoRun.HomePage" name="homepage" time="0.183"/>
</testsuite> <!-- fitpeoRun.HomePage -->
